=========================
FCITX 4.2.9.7 -- Get Signal No.: 6
Date: try "date -d @1631350853" if you are using GNU date ***
ProcessID: 2844
/usr/bin/fcitx(+0x1a97)[0x55d06f838a97]
/lib/x86_64-linux-gnu/libc.so.6(+0x46210)[0x7f616894e210]
/lib/x86_64-linux-gnu/libc.so.6(gsignal+0xcb)[0x7f616894e18b]
/lib/x86_64-linux-gnu/libc.so.6(abort+0x12b)[0x7f616892d859]
/lib/x86_64-linux-gnu/libc.so.6(+0x903ee)[0x7f61689983ee]
/lib/x86_64-linux-gnu/libc.so.6(+0x9847c)[0x7f61689a047c]
/lib/x86_64-linux-gnu/libc.so.6(+0x9a0ed)[0x7f61689a20ed]
/usr/lib/x86_64-linux-gnu/fcitx/fcitx-sogoupinyin.so(+0x346e4)[0x7f61614e96e4]
/usr/lib/x86_64-linux-gnu/fcitx/fcitx-sogoupinyin.so(+0x34635)[0x7f61614e9635]
/usr/lib/x86_64-linux-gnu/fcitx/fcitx-sogoupinyin.so(+0x34561)[0x7f61614e9561]
/usr/lib/x86_64-linux-gnu/fcitx/fcitx-sogoupinyin.so(+0x3437e)[0x7f61614e937e]
/usr/lib/x86_64-linux-gnu/fcitx/fcitx-sogoupinyin.so(+0x33e19)[0x7f61614e8e19]
/usr/lib/x86_64-linux-gnu/fcitx/fcitx-sogoupinyin.so(+0x33df6)[0x7f61614e8df6]
/usr/lib/x86_64-linux-gnu/fcitx/fcitx-sogoupinyin.so(+0x33df6)[0x7f61614e8df6]
/usr/lib/x86_64-linux-gnu/fcitx/fcitx-sogoupinyin.so(+0x33df6)[0x7f61614e8df6]
/usr/lib/x86_64-linux-gnu/fcitx/fcitx-sogoupinyin.so(+0x33df6)[0x7f61614e8df6]
/usr/lib/x86_64-linux-gnu/fcitx/fcitx-sogoupinyin.so(+0x33df6)[0x7f61614e8df6]
/usr/lib/x86_64-linux-gnu/fcitx/fcitx-sogoupinyin.so(+0x33df6)[0x7f61614e8df6]
/usr/lib/x86_64-linux-gnu/fcitx/fcitx-sogoupinyin.so(+0x33df6)[0x7f61614e8df6]
/usr/lib/x86_64-linux-gnu/fcitx/fcitx-sogoupinyin.so(+0x33ae2)[0x7f61614e8ae2]
/usr/lib/x86_64-linux-gnu/fcitx/fcitx-sogoupinyin.so(+0x3476c)[0x7f61614e976c]
/lib/x86_64-linux-gnu/libc.so.6(+0x49a27)[0x7f6168951a27]
/lib/x86_64-linux-gnu/libc.so.6(on_exit+0x0)[0x7f6168951be0]
/lib/x86_64-linux-gnu/libX11.so.6(_XIOError+0x5c)[0x7f616774535c]
/lib/x86_64-linux-gnu/libX11.so.6(+0x3f31c)[0x7f616774331c]
/lib/x86_64-linux-gnu/libX11.so.6(XSync+0x51)[0x7f616773e7f1]
/lib/x86_64-linux-gnu/libX11.so.6(XCloseDisplay+0x7f)[0x7f616771f34f]
/usr/lib/x86_64-linux-gnu/fcitx/fcitx-sogoupinyin.so(+0x3710c)[0x7f61614ec10c]
/lib/x86_64-linux-gnu/libfcitx-core.so.0(+0x965a)[0x7f6168b5565a]
/lib/x86_64-linux-gnu/libfcitx-core.so.0(FcitxInstanceRun+0x57)[0x7f6168b559e7]
/usr/bin/fcitx(+0x1433)[0x55d06f838433]
/lib/x86_64-linux-gnu/libc.so.6(__libc_start_main+0xf3)[0x7f616892f0b3]
